<?xml version="1.0" encoding="UTF-8"?>
<!-- Generated by org.testng.reporters.JUnitReportReporter -->
<testsuite hostname="ATMECSINDT-080" failures="0" tests="4" name="com.atmecs.konakart.testscripts.PriceValidation" time="20.973" errors="0" timestamp="17 Oct 2019 09:13:10 GMT" skipped="0">
  <testcase classname="com.atmecs.konakart.testscripts.PriceValidation" name="setup" time="15.105"/>
  <testcase classname="com.atmecs.konakart.testscripts.PriceValidation" name="clickOnHeaders" time="2.651"/>
  <testcase classname="com.atmecs.konakart.testscripts.PriceValidation" name="slider" time="0.173"/>
  <testcase classname="com.atmecs.konakart.testscripts.PriceValidation" name="validateproduct" time="3.044"/>
</testsuite> <!-- com.atmecs.konakart.testscripts.PriceValidation -->
