<?xml version="1.0" encoding="UTF-8"?>
<!-- Generated by org.testng.reporters.JUnitReportReporter -->
<testsuite hostname="ATMECSINDT-080" failures="0" tests="1" name="com.atmecs.konakart.testscripts.DynamicTestNG" time="24.512" errors="0" timestamp="24 Oct 2019 11:41:26 GMT" skipped="0">
  <testcase classname="com.atmecs.konakart.testscripts.DynamicTestNG" name="set" time="24.512"/>
</testsuite> <!-- com.atmecs.konakart.testscripts.DynamicTestNG -->
