<?xml version="1.0" encoding="UTF-8"?>
<!-- Generated by org.testng.reporters.JUnitReportReporter -->
<testsuite hostname="ATMECSINDT-080" failures="0" tests="6" name="com.atmecs.konakart.testscripts.HeroImagePage" time="43.025" errors="0" timestamp="04 Nov 2019 09:33:23 GMT" skipped="0">
  <testcase classname="com.atmecs.konakart.testscripts.HeroImagePage" name="setup" time="17.005"/>
  <testcase classname="com.atmecs.konakart.testscripts.HeroImagePage" name="clickOnHeroImage" time="3.545"/>
  <testcase classname="com.atmecs.konakart.testscripts.HeroImagePage" name="navigateTabs" time="0.135"/>
  <testcase classname="com.atmecs.konakart.testscripts.HeroImagePage" name="validateContentOfTabs" time="12.185"/>
  <testcase classname="com.atmecs.konakart.testscripts.HeroImagePage" name="validateSortByNumber" time="5.617"/>
  <testcase classname="com.atmecs.konakart.testscripts.HeroImagePage" name="validateSortByActions" time="4.538"/>
</testsuite> <!-- com.atmecs.konakart.testscripts.HeroImagePage -->
