<?xml version="1.0" encoding="UTF-8"?>
<!-- Generated by org.testng.reporters.JUnitReportReporter -->
<testsuite hostname="ATMECSINDT-080" failures="0" tests="6" name="com.atmecs.konakart.testscripts.HeroImage" time="21.912" errors="0" timestamp="04 Oct 2019 11:56:55 GMT" skipped="0">
  <testcase classname="com.atmecs.konakart.testscripts.HeroImage" name="setup" time="14.892"/>
  <testcase classname="com.atmecs.konakart.testscripts.HeroImage" name="clickOnHeroImage" time="3.389"/>
  <testcase classname="com.atmecs.konakart.testscripts.HeroImage" name="navigateTabs" time="0.151"/>
  <testcase classname="com.atmecs.konakart.testscripts.HeroImage" name="validateContent" time="0.107"/>
  <testcase classname="com.atmecs.konakart.testscripts.HeroImage" name="validateSortByNumber" time="1.806"/>
  <testcase classname="com.atmecs.konakart.testscripts.HeroImage" name="validateSortByActions" time="1.567"/>
</testsuite> <!-- com.atmecs.konakart.testscripts.HeroImage -->
