<?xml version="1.0" encoding="UTF-8"?>
<!-- Generated by org.testng.reporters.JUnitReportReporter -->
<testsuite hostname="ATMECSINDT-080" failures="0" tests="7" name="com.atmecs.konakart.testscripts.ValidateHomePage" time="24.473" errors="0" timestamp="16 Oct 2019 14:30:24 GMT" skipped="0">
  <testcase classname="com.atmecs.konakart.testscripts.ValidateHomePage" name="validateUrl" time="0.014"/>
  <testcase classname="com.atmecs.konakart.testscripts.ValidateHomePage" name="setup" time="15.514"/>
  <testcase classname="com.atmecs.konakart.testscripts.ValidateHomePage" name="validationLogo" time="0.103"/>
  <testcase classname="com.atmecs.konakart.testscripts.ValidateHomePage" name="validateTitleOfBrowswer" time="3.014"/>
  <testcase classname="com.atmecs.konakart.testscripts.ValidateHomePage" name="validateDropDown" time="0.195"/>
  <testcase classname="com.atmecs.konakart.testscripts.ValidateHomePage" name="validateElementEnabled" time="0.047"/>
  <testcase classname="com.atmecs.konakart.testscripts.ValidateHomePage" name="validateTabsHomePage" time="5.586"/>
</testsuite> <!-- com.atmecs.konakart.testscripts.ValidateHomePage -->
