<?xml version="1.0" encoding="UTF-8"?>
<!-- Generated by org.testng.reporters.JUnitReportReporter -->
<testsuite hostname="ATMECSINDT-080" failures="0" tests="1" name="com.atmecs.konakart.testbase.InvokeBrowser" time="15.041" errors="0" timestamp="24 Oct 2019 06:46:57 GMT" skipped="0">
  <testcase classname="com.atmecs.konakart.testbase.InvokeBrowser" name="setup" time="15.041"/>
</testsuite> <!-- com.atmecs.konakart.testbase.InvokeBrowser -->
